Determining if the pthread_create exist failed with the following output:
Change Dir: /home/saptarshi/Desktop/Papers/RF-Buddy/Code/gr-annotator/build/CMakeFiles/CMakeTmp

Run Build Command:"/usr/bin/make" "cmTC_cb094/fast"
/usr/bin/make -f CMakeFiles/cmTC_cb094.dir/build.make CMakeFiles/cmTC_cb094.dir/build
make[1]: Entering directory '/home/saptarshi/Desktop/Papers/RF-Buddy/Code/gr-annotator/build/CMakeFiles/CMakeTmp'
Building C object CMakeFiles/cmTC_cb094.dir/CheckSymbolExists.c.o
/usr/bin/cc   -std=gnu11 -o CMakeFiles/cmTC_cb094.dir/CheckSymbolExists.c.o   -c /home/saptarshi/Desktop/Papers/RF-Buddy/Code/gr-annotator/build/CMakeFiles/CMakeTmp/CheckSymbolExists.c
Linking C executable cmTC_cb094
/usr/bin/cmake -E cmake_link_script CMakeFiles/cmTC_cb094.dir/link.txt --verbose=1
/usr/bin/cc      CMakeFiles/cmTC_cb094.dir/CheckSymbolExists.c.o  -o cmTC_cb094 
CMakeFiles/cmTC_cb094.dir/CheckSymbolExists.c.o: In function `main':
CheckSymbolExists.c:(.text+0x1b): undefined reference to `pthread_create'
collect2: error: ld returned 1 exit status
CMakeFiles/cmTC_cb094.dir/build.make:97: recipe for target 'cmTC_cb094' failed
make[1]: *** [cmTC_cb094] Error 1
make[1]: Leaving directory '/home/saptarshi/Desktop/Papers/RF-Buddy/Code/gr-annotator/build/CMakeFiles/CMakeTmp'
Makefile:126: recipe for target 'cmTC_cb094/fast' failed
make: *** [cmTC_cb094/fast] Error 2

File /home/saptarshi/Desktop/Papers/RF-Buddy/Code/gr-annotator/build/CMakeFiles/CMakeTmp/CheckSymbolExists.c:
/* */
#include <pthread.h>

int main(int argc, char** argv)
{
  (void)argv;
#ifndef pthread_create
  return ((int*)(&pthread_create))[argc];
#else
  (void)argc;
  return 0;
#endif
}

Determining if the function pthread_create exists in the pthreads failed with the following output:
Change Dir: /home/saptarshi/Desktop/Papers/RF-Buddy/Code/gr-annotator/build/CMakeFiles/CMakeTmp

Run Build Command:"/usr/bin/make" "cmTC_501f9/fast"
/usr/bin/make -f CMakeFiles/cmTC_501f9.dir/build.make CMakeFiles/cmTC_501f9.dir/build
make[1]: Entering directory '/home/saptarshi/Desktop/Papers/RF-Buddy/Code/gr-annotator/build/CMakeFiles/CMakeTmp'
Building C object CMakeFiles/cmTC_501f9.dir/CheckFunctionExists.c.o
/usr/bin/cc   -DCHECK_FUNCTION_EXISTS=pthread_create   -std=gnu11 -o CMakeFiles/cmTC_501f9.dir/CheckFunctionExists.c.o   -c /usr/share/cmake-3.10/Modules/CheckFunctionExists.c
Linking C executable cmTC_501f9
/usr/bin/cmake -E cmake_link_script CMakeFiles/cmTC_501f9.dir/link.txt --verbose=1
/usr/bin/cc  -DCHECK_FUNCTION_EXISTS=pthread_create    CMakeFiles/cmTC_501f9.dir/CheckFunctionExists.c.o  -o cmTC_501f9 -lpthreads 
/usr/bin/ld: cannot find -lpthreads
collect2: error: ld returned 1 exit status
CMakeFiles/cmTC_501f9.dir/build.make:97: recipe for target 'cmTC_501f9' failed
make[1]: *** [cmTC_501f9] Error 1
make[1]: Leaving directory '/home/saptarshi/Desktop/Papers/RF-Buddy/Code/gr-annotator/build/CMakeFiles/CMakeTmp'
Makefile:126: recipe for target 'cmTC_501f9/fast' failed
make: *** [cmTC_501f9/fast] Error 2


